0 info it worked if it ends with ok
1 verbose cli [ '/usr/local/bin/node',
1 verbose cli   '/usr/local/bin/npm',
1 verbose cli   'install',
1 verbose cli   'bluebird' ]
2 info using npm@2.14.4
3 info using node@v4.1.2
4 verbose install initial load of /Users/danielkim/Desktop/Projects/Roomie/package.json
5 verbose installManyTop reading scoped package data from /Users/danielkim/Desktop/Projects/Roomie/node_modules/bcrypt/package.json
6 verbose installManyTop reading scoped package data from /Users/danielkim/Desktop/Projects/Roomie/node_modules/bluebird/package.json
7 verbose installManyTop reading scoped package data from /Users/danielkim/Desktop/Projects/Roomie/node_modules/body-parser/package.json
8 verbose installManyTop reading scoped package data from /Users/danielkim/Desktop/Projects/Roomie/node_modules/bookshelf/package.json
9 verbose installManyTop reading scoped package data from /Users/danielkim/Desktop/Projects/Roomie/node_modules/bower/package.json
10 verbose installManyTop reading scoped package data from /Users/danielkim/Desktop/Projects/Roomie/node_modules/eslint/package.json
11 verbose installManyTop reading scoped package data from /Users/danielkim/Desktop/Projects/Roomie/node_modules/eslint-config-airbnb/package.json
12 verbose installManyTop reading scoped package data from /Users/danielkim/Desktop/Projects/Roomie/node_modules/eslint-plugin-react/package.json
13 verbose installManyTop reading scoped package data from /Users/danielkim/Desktop/Projects/Roomie/node_modules/express/package.json
14 verbose installManyTop reading scoped package data from /Users/danielkim/Desktop/Projects/Roomie/node_modules/grunt/package.json
15 verbose installManyTop reading scoped package data from /Users/danielkim/Desktop/Projects/Roomie/node_modules/grunt-contrib-concat/package.json
16 verbose installManyTop reading scoped package data from /Users/danielkim/Desktop/Projects/Roomie/node_modules/grunt-contrib-uglify/package.json
17 verbose installManyTop reading scoped package data from /Users/danielkim/Desktop/Projects/Roomie/node_modules/grunt-contrib-watch/package.json
18 verbose installManyTop reading scoped package data from /Users/danielkim/Desktop/Projects/Roomie/node_modules/grunt-jscs/package.json
19 verbose installManyTop reading scoped package data from /Users/danielkim/Desktop/Projects/Roomie/node_modules/jwt-simple/package.json
20 verbose installManyTop reading scoped package data from /Users/danielkim/Desktop/Projects/Roomie/node_modules/knex/package.json
21 verbose installManyTop reading scoped package data from /Users/danielkim/Desktop/Projects/Roomie/node_modules/morgan/package.json
22 verbose installManyTop reading scoped package data from /Users/danielkim/Desktop/Projects/Roomie/node_modules/mysql/package.json
23 info package.json grunt@0.4.5 No license field.
24 info package.json grunt-contrib-watch@0.6.1 No license field.
25 info package.json grunt-contrib-concat@0.5.1 No license field.
26 verbose readDependencies loading dependencies from /Users/danielkim/Desktop/Projects/Roomie/package.json
27 verbose install bluebird is installed as 3.3.1
28 silly cache add args [ 'bluebird', null ]
29 verbose cache add spec bluebird
30 silly cache add parsed spec Result {
30 silly cache add   raw: 'bluebird',
30 silly cache add   scope: null,
30 silly cache add   name: 'bluebird',
30 silly cache add   rawSpec: '',
30 silly cache add   spec: '*',
30 silly cache add   type: 'range' }
31 silly addNamed bluebird@*
32 verbose addNamed "*" is a valid semver range for bluebird
33 silly addNameRange { name: 'bluebird', range: '*', hasData: false }
34 silly mapToRegistry name bluebird
35 silly mapToRegistry using default registry
36 silly mapToRegistry registry https://registry.npmjs.org/
37 silly mapToRegistry uri https://registry.npmjs.org/bluebird
38 verbose addNameRange registry:https://registry.npmjs.org/bluebird not in flight; fetching
39 verbose request uri https://registry.npmjs.org/bluebird
40 verbose request no auth needed
41 info attempt registry request try #1 at 3:55:30 PM
42 verbose request id 7e366010fa26b80a
43 verbose etag "8ZRV3T8K9U67GQMMR2VR0F0HK"
44 http request GET https://registry.npmjs.org/bluebird
45 http 304 https://registry.npmjs.org/bluebird
46 silly get cb [ 304,
46 silly get   { date: 'Thu, 18 Feb 2016 23:55:30 GMT',
46 silly get     via: '1.1 varnish',
46 silly get     'cache-control': 'max-age=300',
46 silly get     etag: '"8ZRV3T8K9U67GQMMR2VR0F0HK"',
46 silly get     age: '121',
46 silly get     connection: 'keep-alive',
46 silly get     'x-served-by': 'cache-sjc3135-SJC',
46 silly get     'x-cache': 'HIT',
46 silly get     'x-cache-hits': '11',
46 silly get     'x-timer': 'S1455839730.199877,VS0,VE0',
46 silly get     vary: 'Accept' } ]
47 verbose etag https://registry.npmjs.org/bluebird from cache
48 verbose get saving bluebird to /Users/danielkim/.npm/registry.npmjs.org/bluebird/.cache.json
49 silly addNameRange number 2 { name: 'bluebird', range: '*', hasData: true }
50 silly addNameRange versions [ 'bluebird',
50 silly addNameRange   [ '0.7.1-1',
50 silly addNameRange     '0.7.1-2',
50 silly addNameRange     '0.7.1-3',
50 silly addNameRange     '0.7.1-4',
50 silly addNameRange     '0.7.1-5',
50 silly addNameRange     '0.7.2-0',
50 silly addNameRange     '0.7.3-0',
50 silly addNameRange     '0.7.4-0',
50 silly addNameRange     '0.7.4-1',
50 silly addNameRange     '0.7.5-0',
50 silly addNameRange     '0.7.6-0',
50 silly addNameRange     '0.7.7-0',
50 silly addNameRange     '0.7.7-1',
50 silly addNameRange     '0.7.8-0',
50 silly addNameRange     '0.7.8-1',
50 silly addNameRange     '0.7.9-0',
50 silly addNameRange     '0.7.9-1',
50 silly addNameRange     '0.7.10-0',
50 silly addNameRange     '0.7.10-1',
50 silly addNameRange     '0.7.11-0',
50 silly addNameRange     '0.7.12-0',
50 silly addNameRange     '0.7.12-1',
50 silly addNameRange     '0.7.12-2',
50 silly addNameRange     '0.8.0-0',
50 silly addNameRange     '0.8.0-1',
50 silly addNameRange     '0.8.0-2',
50 silly addNameRange     '0.8.0-3',
50 silly addNameRange     '0.8.1-0',
50 silly addNameRange     '0.8.2-0',
50 silly addNameRange     '0.8.2-1',
50 silly addNameRange     '0.8.2-2',
50 silly addNameRange     '0.8.3-0',
50 silly addNameRange     '0.8.3-1',
50 silly addNameRange     '0.8.3-2',
50 silly addNameRange     '0.8.3-3',
50 silly addNameRange     '0.8.4-0',
50 silly addNameRange     '0.8.4-1',
50 silly addNameRange     '0.8.5-0',
50 silly addNameRange     '0.8.5-1',
50 silly addNameRange     '0.9.0-0',
50 silly addNameRange     '0.9.1-0',
50 silly addNameRange     '0.9.1-1',
50 silly addNameRange     '0.9.2-0',
50 silly addNameRange     '0.9.2-1',
50 silly addNameRange     '0.9.3-0',
50 silly addNameRange     '0.9.4-0',
50 silly addNameRange     '0.9.4-1',
50 silly addNameRange     '0.9.5-0',
50 silly addNameRange     '0.9.6-0',
50 silly addNameRange     '0.9.7-0',
50 silly addNameRange     '0.9.8-0',
50 silly addNameRange     '0.9.9-0',
50 silly addNameRange     '0.9.10-0',
50 silly addNameRange     '0.9.10-1',
50 silly addNameRange     '0.9.11-0',
50 silly addNameRange     '0.9.11-1',
50 silly addNameRange     '0.10.0-0',
50 silly addNameRange     '0.10.0-1',
50 silly addNameRange     '0.10.1-0',
50 silly addNameRange     '0.10.2-0',
50 silly addNameRange     '0.10.2-1',
50 silly addNameRange     '0.10.3-0',
50 silly addNameRange     '0.10.4-0',
50 silly addNameRange     '0.10.4-1',
50 silly addNameRange     '0.10.5-0',
50 silly addNameRange     '0.10.6-0',
50 silly addNameRange     '0.10.7-0',
50 silly addNameRange     '0.10.8-0',
50 silly addNameRange     '0.10.9-0',
50 silly addNameRange     '0.10.9-1',
50 silly addNameRange     '0.10.10-0',
50 silly addNameRange     '0.10.11-0',
50 silly addNameRange     '0.10.11-1',
50 silly addNameRange     '0.10.11-2',
50 silly addNameRange     '0.10.11-4',
50 silly addNameRange     '0.10.12-0',
50 silly addNameRange     '0.10.13-0',
50 silly addNameRange     '0.10.13-1',
50 silly addNameRange     '0.10.14-0',
50 silly addNameRange     '0.11.0-0',
50 silly addNameRange     '0.11.1-0',
50 silly addNameRange     '0.11.2-0',
50 silly addNameRange     '0.11.3-0',
50 silly addNameRange     '0.11.4-0',
50 silly addNameRange     '0.11.4-1',
50 silly addNameRange     '0.11.5-0',
50 silly addNameRange     '0.11.5-1',
50 silly addNameRange     '0.11.6-0',
50 silly addNameRange     '1.0.0',
50 silly addNameRange     '1.0.1',
50 silly addNameRange     '1.0.2',
50 silly addNameRange     '1.0.3',
50 silly addNameRange     '1.0.4',
50 silly addNameRange     '1.0.5',
50 silly addNameRange     '1.0.7',
50 silly addNameRange     '1.0.8',
50 silly addNameRange     '1.1.0',
50 silly addNameRange     '1.1.1',
50 silly addNameRange     '1.2.0',
50 silly addNameRange     '1.2.1',
50 silly addNameRange     '1.2.2',
50 silly addNameRange     '1.2.3',
50 silly addNameRange     '1.2.4',
50 silly addNameRange     '2.0.2',
50 silly addNameRange     '2.0.3',
50 silly addNameRange     '2.0.4',
50 silly addNameRange     '2.0.5',
50 silly addNameRange     '2.0.6',
50 silly addNameRange     '2.0.7',
50 silly addNameRange     '2.1.1',
50 silly addNameRange     '2.1.2',
50 silly addNameRange     '2.1.3',
50 silly addNameRange     '2.2.0',
50 silly addNameRange     '2.2.1',
50 silly addNameRange     '2.2.2',
50 silly addNameRange     '2.3.0',
50 silly addNameRange     '2.3.1',
50 silly addNameRange     '2.3.2',
50 silly addNameRange     '2.3.3',
50 silly addNameRange     '2.3.4',
50 silly addNameRange     '2.3.5',
50 silly addNameRange     '0.11.6',
50 silly addNameRange     '2.3.6',
50 silly addNameRange     '2.3.9',
50 silly addNameRange     '2.3.10',
50 silly addNameRange     '2.3.11',
50 silly addNameRange     '2.4.0',
50 silly addNameRange     '2.4.1',
50 silly addNameRange     '2.4.2',
50 silly addNameRange     '2.4.3',
50 silly addNameRange     '2.5.0',
50 silly addNameRange     '2.5.1',
50 silly addNameRange     '2.5.2',
50 silly addNameRange     '2.5.3',
50 silly addNameRange     '2.6.0',
50 silly addNameRange     '2.6.1',
50 silly addNameRange     '2.6.2',
50 silly addNameRange     '2.6.3',
50 silly addNameRange     '2.6.4',
50 silly addNameRange     '2.7.0',
50 silly addNameRange     '2.7.1',
50 silly addNameRange     '2.8.0',
50 silly addNameRange     '2.8.1',
50 silly addNameRange     '2.8.2',
50 silly addNameRange     '2.9.0',
50 silly addNameRange     '2.9.1',
50 silly addNameRange     '2.9.2',
50 silly addNameRange     '2.9.3',
50 silly addNameRange     '2.9.4',
50 silly addNameRange     '2.9.5',
50 silly addNameRange     '2.9.6',
50 silly addNameRange     '2.9.7',
50 silly addNameRange     '2.9.8',
50 silly addNameRange     '2.9.9',
50 silly addNameRange     '2.9.10',
50 silly addNameRange     '2.9.11',
50 silly addNameRange     '2.9.12',
50 silly addNameRange     '2.9.13',
50 silly addNameRange     '2.9.14',
50 silly addNameRange     '2.9.15',
50 silly addNameRange     '2.9.16',
50 silly addNameRange     '2.9.17',
50 silly addNameRange     '2.9.18',
50 silly addNameRange     '2.9.19',
50 silly addNameRange     '2.9.20',
50 silly addNameRange     '2.9.21',
50 silly addNameRange     '2.9.22',
50 silly addNameRange     '2.9.23',
50 silly addNameRange     '2.9.24',
50 silly addNameRange     '2.9.25',
50 silly addNameRange     '2.9.26',
50 silly addNameRange     '2.9.27',
50 silly addNameRange     '2.9.28',
50 silly addNameRange     '2.9.29',
50 silly addNameRange     '2.9.30',
50 silly addNameRange     '2.9.31',
50 silly addNameRange     '2.9.32',
50 silly addNameRange     '2.9.33',
50 silly addNameRange     '2.9.34',
50 silly addNameRange     '2.10.0',
50 silly addNameRange     '2.10.1',
50 silly addNameRange     '2.10.2',
50 silly addNameRange     '3.0.0',
50 silly addNameRange     '3.0.1',
50 silly addNameRange     '3.0.2',
50 silly addNameRange     '3.0.3',
50 silly addNameRange     '3.0.4',
50 silly addNameRange     '3.0.5',
50 silly addNameRange     '3.0.6',
50 silly addNameRange     '3.1.0',
50 silly addNameRange     '3.1.1',
50 silly addNameRange     '3.1.2',
50 silly addNameRange     '3.1.3',
50 silly addNameRange     '3.1.4',
50 silly addNameRange     '3.1.5',
50 silly addNameRange     '3.2.0',
50 silly addNameRange     '3.2.1',
50 silly addNameRange     '3.2.2',
50 silly addNameRange     '3.3.0',
50 silly addNameRange     '3.3.1' ] ]
51 silly addNamed bluebird@3.3.1
52 verbose addNamed "3.3.1" is a plain semver version for bluebird
53 silly cache afterAdd bluebird@3.3.1
54 verbose afterAdd /Users/danielkim/.npm/bluebird/3.3.1/package/package.json not in flight; writing
55 verbose afterAdd /Users/danielkim/.npm/bluebird/3.3.1/package/package.json written
56 silly install resolved [ { name: 'bluebird',
56 silly install resolved     description: 'Full featured Promises/A+ implementation with exceptionally good performance',
56 silly install resolved     version: '3.3.1',
56 silly install resolved     keywords:
56 silly install resolved      [ 'promise',
56 silly install resolved        'performance',
56 silly install resolved        'promises',
56 silly install resolved        'promises-a',
56 silly install resolved        'promises-aplus',
56 silly install resolved        'async',
56 silly install resolved        'await',
56 silly install resolved        'deferred',
56 silly install resolved        'deferreds',
56 silly install resolved        'future',
56 silly install resolved        'flow control',
56 silly install resolved        'dsl',
56 silly install resolved        'fluent interface' ],
56 silly install resolved     scripts:
56 silly install resolved      { lint: 'node scripts/jshint.js',
56 silly install resolved        test: 'node tools/test.js',
56 silly install resolved        istanbul: 'istanbul',
56 silly install resolved        prepublish: 'npm run generate-browser-core && npm run generate-browser-full',
56 silly install resolved        'generate-browser-full': 'node tools/build.js --no-clean --no-debug --release --browser --minify',
56 silly install resolved        'generate-browser-core': 'node tools/build.js --features=core --no-debug --release --zalgo --browser --minify && mv js/browser/bluebird.js js/browser/bluebird.core.js && mv js/browser/bluebird.min.js js/browser/bluebird.core.min.js' },
56 silly install resolved     homepage: 'https://github.com/petkaantonov/bluebird',
56 silly install resolved     repository:
56 silly install resolved      { type: 'git',
56 silly install resolved        url: 'git://github.com/petkaantonov/bluebird.git' },
56 silly install resolved     bugs: { url: 'http://github.com/petkaantonov/bluebird/issues' },
56 silly install resolved     license: 'MIT',
56 silly install resolved     author:
56 silly install resolved      { name: 'Petka Antonov',
56 silly install resolved        email: 'petka_antonov@hotmail.com',
56 silly install resolved        url: 'http://github.com/petkaantonov/' },
56 silly install resolved     devDependencies:
56 silly install resolved      { acorn: '~0.6.0',
56 silly install resolved        baconjs: '^0.7.43',
56 silly install resolved        bluebird: '^2.9.2',
56 silly install resolved        'body-parser': '^1.10.2',
56 silly install resolved        browserify: '^8.1.1',
56 silly install resolved        'cli-table': '~0.3.1',
56 silly install resolved        co: '^4.2.0',
56 silly install resolved        'cross-spawn': '^0.2.3',
56 silly install resolved        glob: '^4.3.2',
56 silly install resolved        'grunt-saucelabs': '~8.4.1',
56 silly install resolved        highland: '^2.3.0',
56 silly install resolved        istanbul: '^0.3.5',
56 silly install resolved        jshint: '^2.6.0',
56 silly install resolved        'jshint-stylish': '~0.2.0',
56 silly install resolved        mkdirp: '~0.5.0',
56 silly install resolved        mocha: '~2.1',
56 silly install resolved        open: '~0.0.5',
56 silly install resolved        optimist: '~0.6.1',
56 silly install resolved        rimraf: '~2.2.6',
56 silly install resolved        rx: '^2.3.25',
56 silly install resolved        'serve-static': '^1.7.1',
56 silly install resolved        sinon: '~1.7.3',
56 silly install resolved        'uglify-js': '~2.4.16',
56 silly install resolved        kefir: '^2.4.1' },
56 silly install resolved     main: './js/release/bluebird.js',
56 silly install resolved     browser: './js/browser/bluebird.js',
56 silly install resolved     files: [ 'js/browser', 'js/release', 'LICENSE' ],
56 silly install resolved     gitHead: '22a4a099652dd555545c19973a5c6fc7e0a7973a',
56 silly install resolved     _id: 'bluebird@3.3.1',
56 silly install resolved     _shasum: 'f97ae1970f41d85177283053e9a120160e66c61d',
56 silly install resolved     _from: 'bluebird@*',
56 silly install resolved     _npmVersion: '3.6.0',
56 silly install resolved     _nodeVersion: '5.6.0',
56 silly install resolved     _npmUser: { name: 'esailija', email: 'petka_antonov@hotmail.com' },
56 silly install resolved     dist:
56 silly install resolved      { shasum: 'f97ae1970f41d85177283053e9a120160e66c61d',
56 silly install resolved        tarball: 'http://registry.npmjs.org/bluebird/-/bluebird-3.3.1.tgz' },
56 silly install resolved     maintainers: [ [Object] ],
56 silly install resolved     _npmOperationalInternal:
56 silly install resolved      { host: 'packages-9-west.internal.npmjs.com',
56 silly install resolved        tmp: 'tmp/bluebird-3.3.1.tgz_1455386657547_0.7821501416619867' },
56 silly install resolved     directories: {},
56 silly install resolved     _resolved: 'https://registry.npmjs.org/bluebird/-/bluebird-3.3.1.tgz',
56 silly install resolved     readme: 'ERROR: No README data found!' } ]
57 info install bluebird@3.3.1 into /Users/danielkim/Desktop/Projects/Roomie
58 info installOne bluebird@3.3.1
59 verbose installOne of bluebird to /Users/danielkim/Desktop/Projects/Roomie not in flight; installing
60 verbose lock using /Users/danielkim/.npm/_locks/bluebird-08adc78a6e7882a3.lock for /Users/danielkim/Desktop/Projects/Roomie/node_modules/bluebird
61 silly install write writing bluebird 3.3.1 to /Users/danielkim/Desktop/Projects/Roomie/node_modules/bluebird
62 verbose unbuild node_modules/bluebird
63 info preuninstall bluebird@3.3.1
64 info uninstall bluebird@3.3.1
65 verbose unbuild rmStuff bluebird@3.3.1 from /Users/danielkim/Desktop/Projects/Roomie/node_modules
66 info postuninstall bluebird@3.3.1
67 silly gentlyRm /Users/danielkim/Desktop/Projects/Roomie/node_modules/bluebird is being purged from base /Users/danielkim/Desktop/Projects/Roomie
68 verbose gentlyRm don't care about contents; nuking /Users/danielkim/Desktop/Projects/Roomie/node_modules/bluebird
69 silly vacuum-fs purging /Users/danielkim/Desktop/Projects/Roomie/node_modules/bluebird
70 silly vacuum-fs quitting because other entries in /Users/danielkim/Desktop/Projects/Roomie/node_modules
71 verbose tar unpack /Users/danielkim/.npm/bluebird/3.3.1/package.tgz
72 verbose tar unpacking to /Users/danielkim/Desktop/Projects/Roomie/node_modules/bluebird
73 silly gentlyRm /Users/danielkim/Desktop/Projects/Roomie/node_modules/bluebird is being purged
74 verbose gentlyRm don't care about contents; nuking /Users/danielkim/Desktop/Projects/Roomie/node_modules/bluebird
75 silly gunzTarPerm modes [ '755', '644' ]
76 silly gunzTarPerm extractEntry package.json
77 silly gunzTarPerm modified mode [ 'package.json', 436, 420 ]
78 silly gunzTarPerm extractEntry README.md
79 silly gunzTarPerm modified mode [ 'README.md', 436, 420 ]
80 silly gunzTarPerm extractEntry LICENSE
81 silly gunzTarPerm modified mode [ 'LICENSE', 436, 420 ]
82 silly gunzTarPerm extractEntry changelog.md
83 silly gunzTarPerm modified mode [ 'changelog.md', 436, 420 ]
84 silly gunzTarPerm extractEntry js/browser/bluebird.core.js
85 silly gunzTarPerm modified mode [ 'js/browser/bluebird.core.js', 436, 420 ]
86 silly gunzTarPerm extractEntry js/browser/bluebird.core.min.js
87 silly gunzTarPerm modified mode [ 'js/browser/bluebird.core.min.js', 436, 420 ]
88 silly gunzTarPerm extractEntry js/browser/bluebird.js
89 silly gunzTarPerm modified mode [ 'js/browser/bluebird.js', 436, 420 ]
90 silly gunzTarPerm extractEntry js/browser/bluebird.min.js
91 silly gunzTarPerm modified mode [ 'js/browser/bluebird.min.js', 436, 420 ]
92 silly gunzTarPerm extractEntry js/release/any.js
93 silly gunzTarPerm modified mode [ 'js/release/any.js', 436, 420 ]
94 silly gunzTarPerm extractEntry js/release/finally.js
95 silly gunzTarPerm modified mode [ 'js/release/finally.js', 436, 420 ]
96 silly gunzTarPerm extractEntry js/release/generators.js
97 silly gunzTarPerm modified mode [ 'js/release/generators.js', 436, 420 ]
98 silly gunzTarPerm extractEntry js/release/join.js
99 silly gunzTarPerm modified mode [ 'js/release/join.js', 436, 420 ]
100 silly gunzTarPerm extractEntry js/release/filter.js
101 silly gunzTarPerm modified mode [ 'js/release/filter.js', 436, 420 ]
102 silly gunzTarPerm extractEntry js/release/method.js
103 silly gunzTarPerm modified mode [ 'js/release/method.js', 436, 420 ]
104 silly gunzTarPerm extractEntry js/release/nodeback.js
105 silly gunzTarPerm modified mode [ 'js/release/nodeback.js', 436, 420 ]
106 silly gunzTarPerm extractEntry js/release/nodeify.js
107 silly gunzTarPerm modified mode [ 'js/release/nodeify.js', 436, 420 ]
108 silly gunzTarPerm extractEntry js/release/promise.js
109 silly gunzTarPerm modified mode [ 'js/release/promise.js', 436, 420 ]
110 silly gunzTarPerm extractEntry js/release/promise_array.js
111 silly gunzTarPerm modified mode [ 'js/release/promise_array.js', 436, 420 ]
112 silly gunzTarPerm extractEntry js/release/es5.js
113 silly gunzTarPerm modified mode [ 'js/release/es5.js', 436, 420 ]
114 silly gunzTarPerm extractEntry js/release/promisify.js
115 silly gunzTarPerm modified mode [ 'js/release/promisify.js', 436, 420 ]
116 silly gunzTarPerm extractEntry js/release/errors.js
117 silly gunzTarPerm modified mode [ 'js/release/errors.js', 436, 420 ]
118 silly gunzTarPerm extractEntry js/release/props.js
119 silly gunzTarPerm modified mode [ 'js/release/props.js', 436, 420 ]
120 silly gunzTarPerm extractEntry js/release/each.js
121 silly gunzTarPerm modified mode [ 'js/release/each.js', 436, 420 ]
122 silly gunzTarPerm extractEntry js/release/queue.js
123 silly gunzTarPerm modified mode [ 'js/release/queue.js', 436, 420 ]
124 silly gunzTarPerm extractEntry js/release/direct_resolve.js
125 silly gunzTarPerm modified mode [ 'js/release/direct_resolve.js', 436, 420 ]
126 silly gunzTarPerm extractEntry js/release/race.js
127 silly gunzTarPerm modified mode [ 'js/release/race.js', 436, 420 ]
128 silly gunzTarPerm extractEntry js/release/debuggability.js
129 silly gunzTarPerm modified mode [ 'js/release/debuggability.js', 436, 420 ]
130 silly gunzTarPerm extractEntry js/release/reduce.js
131 silly gunzTarPerm modified mode [ 'js/release/reduce.js', 436, 420 ]
132 silly gunzTarPerm extractEntry js/release/context.js
133 silly gunzTarPerm modified mode [ 'js/release/context.js', 436, 420 ]
134 silly gunzTarPerm extractEntry js/release/schedule.js
135 silly gunzTarPerm modified mode [ 'js/release/schedule.js', 436, 420 ]
136 silly gunzTarPerm extractEntry js/release/catch_filter.js
137 silly gunzTarPerm modified mode [ 'js/release/catch_filter.js', 436, 420 ]
138 silly gunzTarPerm extractEntry js/release/settle.js
139 silly gunzTarPerm modified mode [ 'js/release/settle.js', 436, 420 ]
140 silly gunzTarPerm extractEntry js/release/cancel.js
141 silly gunzTarPerm modified mode [ 'js/release/cancel.js', 436, 420 ]
142 silly gunzTarPerm extractEntry js/release/some.js
143 silly gunzTarPerm modified mode [ 'js/release/some.js', 436, 420 ]
144 silly gunzTarPerm extractEntry js/release/call_get.js
145 silly gunzTarPerm modified mode [ 'js/release/call_get.js', 436, 420 ]
146 silly gunzTarPerm extractEntry js/release/synchronous_inspection.js
147 silly gunzTarPerm modified mode [ 'js/release/synchronous_inspection.js', 436, 420 ]
148 silly gunzTarPerm extractEntry js/release/bluebird.js
149 silly gunzTarPerm modified mode [ 'js/release/bluebird.js', 436, 420 ]
150 silly gunzTarPerm extractEntry js/release/thenables.js
151 silly gunzTarPerm modified mode [ 'js/release/thenables.js', 436, 420 ]
152 silly gunzTarPerm extractEntry js/release/bind.js
153 silly gunzTarPerm modified mode [ 'js/release/bind.js', 436, 420 ]
154 silly gunzTarPerm extractEntry js/release/timers.js
155 silly gunzTarPerm modified mode [ 'js/release/timers.js', 436, 420 ]
156 silly gunzTarPerm extractEntry js/release/async.js
157 silly gunzTarPerm modified mode [ 'js/release/async.js', 436, 420 ]
158 silly gunzTarPerm extractEntry js/release/using.js
159 silly gunzTarPerm modified mode [ 'js/release/using.js', 436, 420 ]
160 silly gunzTarPerm extractEntry js/release/assert.js
161 silly gunzTarPerm modified mode [ 'js/release/assert.js', 436, 420 ]
162 silly gunzTarPerm extractEntry js/release/util.js
163 silly gunzTarPerm modified mode [ 'js/release/util.js', 436, 420 ]
164 silly gunzTarPerm extractEntry js/release/map.js
165 silly gunzTarPerm modified mode [ 'js/release/map.js', 436, 420 ]
166 verbose write writing to /Users/danielkim/Desktop/Projects/Roomie/node_modules/bluebird/package.json
167 info preinstall bluebird@3.3.1
168 verbose readDependencies loading dependencies from /Users/danielkim/Desktop/Projects/Roomie/node_modules/bluebird/package.json
169 verbose readDependencies loading dependencies from /Users/danielkim/Desktop/Projects/Roomie/node_modules/bluebird/package.json
170 silly install resolved []
171 verbose about to build /Users/danielkim/Desktop/Projects/Roomie/node_modules/bluebird
172 info build /Users/danielkim/Desktop/Projects/Roomie/node_modules/bluebird
173 info linkStuff bluebird@3.3.1
174 silly linkStuff bluebird@3.3.1 has /Users/danielkim/Desktop/Projects/Roomie/node_modules as its parent node_modules
175 verbose linkBins bluebird@3.3.1
176 verbose linkMans bluebird@3.3.1
177 verbose rebuildBundles bluebird@3.3.1
178 info install bluebird@3.3.1
179 info postinstall bluebird@3.3.1
180 verbose unlock done using /Users/danielkim/.npm/_locks/bluebird-08adc78a6e7882a3.lock for /Users/danielkim/Desktop/Projects/Roomie/node_modules/bluebird
181 verbose validateInstall loading /Users/danielkim/Desktop/Projects/Roomie/package.json for validation
182 verbose stack Error: The package eslint@2.1.0 does not satisfy its siblings' peerDependencies requirements!
182 verbose stack     at /usr/local/lib/node_modules/npm/lib/install.js:125:32
182 verbose stack     at /usr/local/lib/node_modules/npm/lib/install.js:268:7
182 verbose stack     at /usr/local/lib/node_modules/npm/node_modules/read-installed/read-installed.js:142:5
182 verbose stack     at /usr/local/lib/node_modules/npm/node_modules/read-installed/read-installed.js:263:14
182 verbose stack     at cb (/usr/local/lib/node_modules/npm/node_modules/slide/lib/async-map.js:47:24)
182 verbose stack     at /usr/local/lib/node_modules/npm/node_modules/read-installed/read-installed.js:263:14
182 verbose stack     at cb (/usr/local/lib/node_modules/npm/node_modules/slide/lib/async-map.js:47:24)
182 verbose stack     at /usr/local/lib/node_modules/npm/node_modules/read-installed/read-installed.js:263:14
182 verbose stack     at cb (/usr/local/lib/node_modules/npm/node_modules/slide/lib/async-map.js:47:24)
182 verbose stack     at /usr/local/lib/node_modules/npm/node_modules/read-installed/read-installed.js:263:14
183 verbose cwd /Users/danielkim/Desktop/Projects/Roomie
184 error Darwin 13.2.0
185 error argv "/usr/local/bin/node" "/usr/local/bin/npm" "install" "bluebird"
186 error node v4.1.2
187 error npm  v2.14.4
188 error code EPEERINVALID
189 error peerinvalid The package eslint@2.1.0 does not satisfy its siblings' peerDependencies requirements!
189 error peerinvalid Peer eslint-config-airbnb@5.0.1 wants eslint@^1.0.0
190 verbose exit [ 1, true ]
